<?xml version="1.0" encoding="UTF-8"?>
<testng-results skipped="0" failed="0" ignored="0" total="1" passed="1">
  <reporter-output>
  </reporter-output>
  <suite name="Suite" duration-ms="31906" started-at="2020-11-09T13:10:07 IST" finished-at="2020-11-09T13:10:39 IST">
    <groups>
    </groups>
    <test name="Test" duration-ms="31906" started-at="2020-11-09T13:10:07 IST" finished-at="2020-11-09T13:10:39 IST">
      <class name="jenkins_project_tesng.practice">
        <test-method status="PASS" signature="abc(java.lang.String)[pri:0, instance:jenkins_project_tesng.practice@7d0587f1]" name="abc" duration-ms="31837" started-at="2020-11-09T13:10:07 IST" finished-at="2020-11-09T13:10:39 IST">
          <params>
            <param index="0">
              <value>
                <![CDATA[http://automationpractice.com/index.php]]>
              </value>
            </param>
          </params>
          <reporter-output>
          </reporter-output>
        </test-method> <!-- abc -->
      </class> <!-- jenkins_project_tesng.practice -->
    </test> <!-- Test -->
  </suite> <!-- Suite -->
</testng-results>
