<?xml version="1.0" encoding="UTF-8"?>
<testng-results ignored="0" total="1" passed="1" failed="0" skipped="0">
  <reporter-output>
  </reporter-output>
  <suite started-at="2020-10-21T04:24:46 PDT" name="Suite" finished-at="2020-10-21T04:25:09 PDT" duration-ms="23139">
    <groups>
    </groups>
    <test started-at="2020-10-21T04:24:46 PDT" name="Test" finished-at="2020-10-21T04:25:09 PDT" duration-ms="23139">
      <class name="jenkins_project_tesng.practice">
        <test-method signature="abc()[pri:0, instance:jenkins_project_tesng.practice@6f45df59]" started-at="2020-10-21T04:24:46 PDT" name="abc" finished-at="2020-10-21T04:25:09 PDT" duration-ms="22947" status="PASS">
          <reporter-output>
          </reporter-output>
        </test-method> <!-- abc -->
      </class> <!-- jenkins_project_tesng.practice -->
    </test> <!-- Test -->
  </suite> <!-- Suite -->
</testng-results>
